2023-07-18 22:25:05,104 - 'controller:' - INFO - Options fetched from config file
2023-07-18 22:25:05,106 - 'controller:' - INFO - Invoking edge_reader.py
2023-07-18 22:25:05,107 - 'controller:' - INFO - Invoked edge_reader.py
2023-07-18 22:25:05,107 - 'controller:' - INFO - Starting monitoring thread for edge_reader.py
2023-07-18 22:25:05,107 - 'controller:' - DEBUG - Monitoring thread pid: 12263
2023-07-18 22:25:05,107 - 'controller:' - INFO - Started monitoring thread for edge_reader.py
2023-07-18 22:25:14,542 - 'controller:' - INFO - Subprocess completed with no errors; Monitor thread is exiting
2023-07-18 22:26:26,161 - 'controller:' - INFO - Options fetched from config file
2023-07-18 22:26:26,164 - 'controller:' - INFO - Invoking edge_reader.py
2023-07-18 22:26:26,164 - 'controller:' - INFO - Invoked edge_reader.py
2023-07-18 22:26:26,164 - 'controller:' - INFO - Starting monitoring thread for edge_reader.py
2023-07-18 22:26:26,165 - 'controller:' - DEBUG - Monitoring thread pid: 12491
2023-07-18 22:26:26,165 - 'controller:' - INFO - Started monitoring thread for edge_reader.py
2023-07-18 22:26:26,165 - 'controller:' - DEBUG - /etc/localtime found
2023-07-18 22:26:26,166 - 'controller:' - DEBUG - 1 found:
 {'/etc/localtime is a symlink to': 'Asia/Karachi'}
2023-07-18 22:26:26,166 - 'controller:' - INFO - Handler class invoked
2023-07-18 22:26:26,166 - 'controller:' - INFO - Running the scheduled job: rollover (funciton) for duration: 1m
2023-07-18 22:26:26,167 - 'controller:' - INFO - Adding job tentatively -- it will be properly scheduled when the scheduler starts
2023-07-18 22:26:26,167 - 'controller:' - INFO - Added job "Handler.rollover" to job store "default"
2023-07-18 22:26:26,167 - 'controller:' - INFO - Scheduler started
2023-07-18 22:26:26,167 - 'controller:' - DEBUG - Looking for jobs to run
2023-07-18 22:26:26,168 - 'controller:' - INFO - Scheduler information:
2023-07-18 22:26:26,168 - 'controller:' - DEBUG - Next wakeup is due at 2023-07-18 22:27:00+05:00 (in 33.831902 seconds)
2023-07-18 22:26:26,168 - 'controller:' - INFO - Job ID: 31dc5003e36c4e969e4e2bfa351b69c2
2023-07-18 22:26:26,168 - 'controller:' - INFO - Job Name: Handler.rollover
2023-07-18 22:26:26,168 - 'controller:' - INFO - Job Function: rollover
2023-07-18 22:26:26,168 - 'controller:' - INFO - Job Arguments: ()
2023-07-18 22:26:26,168 - 'controller:' - INFO - Job Keyword Arguments: {}
2023-07-18 22:26:26,168 - 'controller:' - INFO - Job Trigger Type: CronTrigger
2023-07-18 22:26:26,168 - 'controller:' - INFO - Cron Expression: [BaseField('year', '*'), MonthField('month', '*'), DayOfMonthField('day', '*'), WeekField('week', '*'), DayOfWeekField('day_of_week', '*'), BaseField('hour', '*'), BaseField('minute', '*/1'), BaseField('second', '0')]
2023-07-18 22:26:26,168 - 'controller:' - INFO - Next Run Time: 2023-07-18 22:27:00+05:00
2023-07-18 22:26:26,168 - 'controller:' - INFO - 
2023-07-18 22:26:46,616 - 'controller:' - INFO - Cleanup of Handler class
2023-07-18 22:26:46,616 - 'controller:' - INFO - Scheduler has been shut down
2023-07-18 22:26:46,616 - 'controller:' - DEBUG - Looking for jobs to run
2023-07-18 22:26:46,616 - 'controller:' - DEBUG - No jobs; waiting until a job is added
2023-07-18 22:26:46,653 - 'controller:' - INFO - Subprocess completed with no errors; Monitor thread is exiting
